<?xml version="1.0" encoding="UTF-8"?>
<testsuite xmlns:xsi="http://www.w3.org/2001/XMLSchema-instance" xsi:noNamespaceSchemaLocation="https://maven.apache.org/surefire/maven-surefire-plugin/xsd/surefire-test-report.xsd" name="com.hydroyura.prodms.archive.data.repositories.PartRepositoryTest" time="5.819" tests="5" errors="0" skipped="0" failures="0">
  <properties>
[...]
</properties>
  <testcase name="selectWithPredicateStatus" classname="com.hydroyura.prodms.archive.data.repositories.PartRepositoryTest" time="0.713"/>
  <testcase name="initBeans" classname="com.hydroyura.prodms.archive.data.repositories.PartRepositoryTest" time="0.081"/>
  <testcase name="selectWithPredicateName" classname="com.hydroyura.prodms.archive.data.repositories.PartRepositoryTest" time="0.159"/>
  <testcase name="selectWithPredicateType" classname="com.hydroyura.prodms.archive.data.repositories.PartRepositoryTest" time="0.117"/>
  <testcase name="selectWithPredicateStatusAndType" classname="com.hydroyura.prodms.archive.data.repositories.PartRepositoryTest" time="0.11"/>
</testsuite>